<?xml version="1.0" encoding="UTF-8"?>
<!-- Generated by org.testng.reporters.JUnitXMLReporter -->
<testsuite hostname="Karthick" name="t4" tests="3" failures="1" timestamp="4 Apr 2018 17:41:32 GMT" time="9.499" errors="0">
  <testcase name="TEST_01" time="0.006" classname="com.selenium.testng.basics.AnnotationSample">
    <failure type="org.testng.internal.thread.ThreadTimeoutException" message="Method org.testng.internal.TestNGMethod.TEST_01() didn&amp;apos;t finish within the time-out 1">
      <![CDATA[org.testng.internal.thread.ThreadTimeoutException: Method org.testng.internal.TestNGMethod.TEST_01() didn't finish within the time-out 1
	at com.google.gson.JsonElement.isJsonNull(JsonElement.java:75)
	at com.google.gson.internal.bind.TypeAdapters$29.write(TypeAdapters.java:736)
	at com.google.gson.internal.bind.TypeAdapters$29.write(TypeAdapters.java:759)
	at com.google.gson.internal.bind.TypeAdapters$29.write(TypeAdapters.java:697)
	at com.google.gson.internal.Streams.write(Streams.java:72)
	at com.google.gson.Gson.toJson(Gson.java:745)
	at com.google.gson.Gson.toJson(Gson.java:703)
	at com.google.gson.Gson.toJson(Gson.java:688)
	at org.openqa.selenium.json.BeanToJsonConverter.convert(BeanToJsonConverter.java:77)
	at org.openqa.selenium.json.Json.toJson(Json.java:58)
	at org.openqa.selenium.logging.profiler.HttpProfilerLogEntry.constructMessage(HttpProfilerLogEntry.java:37)
	at org.openqa.selenium.logging.profiler.HttpProfilerLogEntry.<init>(HttpProfilerLogEntry.java:29)
	at org.openqa.selenium.remote.HttpCommandExecutor.execute(HttpCommandExecutor.java:160)
	at org.openqa.selenium.remote.service.DriverCommandExecutor.execute(DriverCommandExecutor.java:83)
	at org.openqa.selenium.remote.RemoteWebDriver.execute(RemoteWebDriver.java:601)
	at org.openqa.selenium.remote.RemoteWebDriver.execute(RemoteWebDriver.java:658)
	at org.openqa.selenium.remote.RemoteWebDriver.getTitle(RemoteWebDriver.java:329)
	at com.selenium.testng.basics.AnnotationSample.TEST_01(AnnotationSample.java:21)
	at java.util.concurrent.Executors$RunnableAdapter.call(Executors.java:511)
	at java.util.concurrent.FutureTask.run(FutureTask.java:266)
	at java.util.concurrent.ThreadPoolExecutor.runWorker(ThreadPoolExecutor.java:1142)
	at java.util.concurrent.ThreadPoolExecutor$Worker.run(ThreadPoolExecutor.java:617)
	at java.lang.Thread.run(Thread.java:745)
... Removed 7 stack frames]]>
    </failure>
  </testcase> <!-- TEST_01 -->
  <testcase name="TEST_02" time="0.001" classname="com.selenium.testng.basics.AnnotationSample"/>
  <testcase name="TEST_03" time="0.001" classname="com.selenium.testng.basics.AnnotationSample"/>
</testsuite> <!-- t4 -->
