<?xml version="1.0" encoding="UTF-8"?>
<!-- Generated by org.testng.reporters.JUnitXMLReporter -->
<testsuite hostname="Karthick" name="test2" tests="6" failures="5" timestamp="3 Apr 2018 16:25:36 GMT" time="9.267" errors="0">
  <testcase name="x" time="0.003" classname="com.selenium.testng.basics.TestAnnotationSamples">
    <failure type="java.lang.AssertionError" message="expected [Home] but found [Homefgfgfg]">
      <![CDATA[java.lang.AssertionError: expected [Home] but found [Homefgfgfg]
	at com.selenium.testng.basics.TestAnnotationSamples.x(TestAnnotationSamples.java:26)
... Removed 29 stack frames]]>
    </failure>
  </testcase> <!-- x -->
  <testcase name="x" time="0.005" classname="com.selenium.testng.basics.TestAnnotationSamples">
    <failure type="java.lang.AssertionError" message="expected [Home] but found [Homefgfgfg]">
      <![CDATA[java.lang.AssertionError: expected [Home] but found [Homefgfgfg]
	at com.selenium.testng.basics.TestAnnotationSamples.x(TestAnnotationSamples.java:26)
... Removed 29 stack frames]]>
    </failure>
  </testcase> <!-- x -->
  <testcase name="x" time="0.001" classname="com.selenium.testng.basics.TestAnnotationSamples">
    <failure type="java.lang.AssertionError" message="expected [Home] but found [Homefgfgfg]">
      <![CDATA[java.lang.AssertionError: expected [Home] but found [Homefgfgfg]
	at com.selenium.testng.basics.TestAnnotationSamples.x(TestAnnotationSamples.java:26)
... Removed 29 stack frames]]>
    </failure>
  </testcase> <!-- x -->
  <testcase name="x" time="0.002" classname="com.selenium.testng.basics.TestAnnotationSamples">
    <failure type="java.lang.AssertionError" message="expected [Home] but found [Homefgfgfg]">
      <![CDATA[java.lang.AssertionError: expected [Home] but found [Homefgfgfg]
	at com.selenium.testng.basics.TestAnnotationSamples.x(TestAnnotationSamples.java:26)
... Removed 29 stack frames]]>
    </failure>
  </testcase> <!-- x -->
  <testcase name="x" time="0.001" classname="com.selenium.testng.basics.TestAnnotationSamples">
    <failure type="java.lang.AssertionError" message="expected [Home] but found [Homefgfgfg]">
      <![CDATA[java.lang.AssertionError: expected [Home] but found [Homefgfgfg]
	at com.selenium.testng.basics.TestAnnotationSamples.x(TestAnnotationSamples.java:26)
... Removed 29 stack frames]]>
    </failure>
  </testcase> <!-- x -->
  <testcase name="x2" time="0.004" classname="com.selenium.testng.basics.TestAnnotationSamples"/>
</testsuite> <!-- test2 -->
