<?xml version="1.0" encoding="UTF-8"?>
<!-- Generated by org.testng.reporters.JUnitReportReporter -->
<testsuite hostname="Karthick" name="com.selenium.testng.basics.BeforeMethodSample" tests="2" failures="0" timestamp="3 Apr 2018 16:25:36 GMT" time="0.008" errors="1">
  <testcase name="TEST_01" time="0.006" classname="com.selenium.testng.basics.BeforeMethodSample">
    <error type="org.testng.internal.thread.ThreadTimeoutException" message="Method org.testng.internal.TestNGMethod.TEST_01() didn&#039;t finish within the time-out 1">
      <![CDATA[org.testng.internal.thread.ThreadTimeoutException: Method org.testng.internal.TestNGMethod.TEST_01() didn't finish within the time-out 1
]]>
    </error>
  </testcase> <!-- TEST_01 -->
  <testcase name="TEST_02" time="0.002" classname="com.selenium.testng.basics.BeforeMethodSample"/>
</testsuite> <!-- com.selenium.testng.basics.BeforeMethodSample -->
